build/app/intermediates/manifest_merge_blame_file/release/manifest-merger-blame-release-report.txt
1<?xml version="1.0" encoding="utf-8"?>
2<manifest xmlns:android="http://schemas.android.com/apk/res/android"
3    package="com.example.event"
4    android:versionCode="1"
5    android:versionName="1.1" >
6
7    <uses-sdk
8        android:minSdkVersion="21"
8-->src/main/AndroidManifest.xml
9        android:targetSdkVersion="33" />
9-->src/main/AndroidManifest.xml
10    <!--
11         Required to query activities that can process text, see:
12         https://developer.android.com/training/package-visibility?hl=en and
13         https://developer.android.com/reference/android/content/Intent#ACTION_PROCESS_TEXT.
14
15         In particular, this is used by the Flutter engine in io.flutter.plugin.text.ProcessTextPlugin.
16    -->
17    <queries>
17-->src/main/AndroidManifest.xml:42:5-47:15
18        <intent>
18-->src/main/AndroidManifest.xml:43:9-46:18
19            <action android:name="android.intent.action.PROCESS_TEXT" />
19-->src/main/AndroidManifest.xml:44:13-72
19-->src/main/AndroidManifest.xml:44:21-70
20
21            <data android:mimeType="text/plain" />
21-->src/main/AndroidManifest.xml:45:13-50
21-->src/main/AndroidManifest.xml:45:19-48
22        </intent>
23        <!-- Needs to be explicitly declared on Android R+ -->
24        <package android:name="com.google.android.apps.maps" />
24-->[com.google.android.gms:play-services-maps:18.2.0] AndroidManifest.xml:33:9-64
24-->[com.google.android.gms:play-services-maps:18.2.0] AndroidManifest.xml:33:18-61
25    </queries>
26
27    <uses-permission android:name="android.permission.ACCESS_NETWORK_STATE" />
27-->[:firebase_analytics] AndroidManifest.xml:9:5-79
27-->[:firebase_analytics] AndroidManifest.xml:9:22-76
28    <uses-permission android:name="android.permission.INTERNET" />
28-->[:firebase_analytics] AndroidManifest.xml:10:5-67
28-->[:firebase_analytics] AndroidManifest.xml:10:22-64
29    <uses-permission android:name="android.permission.WAKE_LOCK" /> <!-- Permissions options for the `notification` group -->
29-->[:firebase_analytics] AndroidManifest.xml:11:5-68
29-->[:firebase_analytics] AndroidManifest.xml:11:22-65
30    <uses-permission android:name="android.permission.POST_NOTIFICATIONS" />
30-->[:firebase_messaging] AndroidManifest.xml:13:5-77
30-->[:firebase_messaging] AndroidManifest.xml:13:22-74
31    <uses-permission android:name="android.permission.USE_BIOMETRIC" />
31-->[:local_auth_android] AndroidManifest.xml:9:5-72
31-->[:local_auth_android] AndroidManifest.xml:9:22-69
32    <uses-permission android:name="android.permission.VIBRATE" /> <!-- suppress DeprecatedClassUsageInspection -->
32-->[:flutter_local_notifications] AndroidManifest.xml:9:5-66
32-->[:flutter_local_notifications] AndroidManifest.xml:9:22-63
33    <uses-permission android:name="android.permission.USE_FINGERPRINT" />
33-->[androidx.biometric:biometric:1.1.0] AndroidManifest.xml:27:5-74
33-->[androidx.biometric:biometric:1.1.0] AndroidManifest.xml:27:22-71
34
35    <uses-feature
35-->[com.google.android.gms:play-services-maps:18.2.0] AndroidManifest.xml:26:5-28:35
36        android:glEsVersion="0x00020000"
36-->[com.google.android.gms:play-services-maps:18.2.0] AndroidManifest.xml:27:9-41
37        android:required="true" /> <!-- Required by older versions of Google Play services to create IID tokens -->
37-->[com.google.android.gms:play-services-maps:18.2.0] AndroidManifest.xml:28:9-32
38    <uses-permission android:name="com.google.android.c2dm.permission.RECEIVE" />
38-->[com.google.firebase:firebase-messaging:23.4.1] AndroidManifest.xml:26:5-82
38-->[com.google.firebase:firebase-messaging:23.4.1] AndroidManifest.xml:26:22-79
39    <uses-permission android:name="com.google.android.gms.permission.AD_ID" />
39-->[com.google.android.gms:play-services-measurement-api:21.6.1] AndroidManifest.xml:25:5-79
39-->[com.google.android.gms:play-services-measurement-api:21.6.1] AndroidManifest.xml:25:22-76
40    <uses-permission android:name="android.permission.ACCESS_ADSERVICES_ATTRIBUTION" />
40-->[com.google.android.gms:play-services-measurement-api:21.6.1] AndroidManifest.xml:26:5-88
40-->[com.google.android.gms:play-services-measurement-api:21.6.1] AndroidManifest.xml:26:22-85
41    <uses-permission android:name="android.permission.ACCESS_ADSERVICES_AD_ID" />
41-->[com.google.android.gms:play-services-measurement-api:21.6.1] AndroidManifest.xml:27:5-82
41-->[com.google.android.gms:play-services-measurement-api:21.6.1] AndroidManifest.xml:27:22-79
42    <uses-permission android:name="com.google.android.finsky.permission.BIND_GET_INSTALL_REFERRER_SERVICE" />
42-->[com.google.android.gms:play-services-measurement:21.6.1] AndroidManifest.xml:26:5-110
42-->[com.google.android.gms:play-services-measurement:21.6.1] AndroidManifest.xml:26:22-107
43
44    <permission
44-->[androidx.core:core:1.10.1] AndroidManifest.xml:22:5-24:47
45        android:name="com.example.event.DYNAMIC_RECEIVER_NOT_EXPORTED_PERMISSION"
45-->[androidx.core:core:1.10.1] AndroidManifest.xml:23:9-81
46        android:protectionLevel="signature" />
46-->[androidx.core:core:1.10.1] AndroidManifest.xml:24:9-44
47
48    <uses-permission android:name="com.example.event.DYNAMIC_RECEIVER_NOT_EXPORTED_PERMISSION" /> <!-- for android -->
48-->[androidx.core:core:1.10.1] AndroidManifest.xml:26:5-97
48-->[androidx.core:core:1.10.1] AndroidManifest.xml:26:22-94
49    <!-- <uses-permission android:name="com.android.launcher.permission.READ_SETTINGS"/> -->
50    <!-- <uses-permission android:name="com.android.launcher.permission.WRITE_SETTINGS"/> -->
51    <!-- <uses-permission android:name="com.android.launcher.permission.INSTALL_SHORTCUT" /> -->
52    <!-- <uses-permission android:name="com.android.launcher.permission.UNINSTALL_SHORTCUT" /> -->
53    <!-- for Samsung -->
54    <uses-permission android:name="com.sec.android.provider.badge.permission.READ" />
54-->[me.leolin:ShortcutBadger:1.1.22] AndroidManifest.xml:19:5-86
54-->[me.leolin:ShortcutBadger:1.1.22] AndroidManifest.xml:19:22-83
55    <uses-permission android:name="com.sec.android.provider.badge.permission.WRITE" /> <!-- for htc -->
55-->[me.leolin:ShortcutBadger:1.1.22] AndroidManifest.xml:20:5-87
55-->[me.leolin:ShortcutBadger:1.1.22] AndroidManifest.xml:20:22-84
56    <uses-permission android:name="com.htc.launcher.permission.READ_SETTINGS" />
56-->[me.leolin:ShortcutBadger:1.1.22] AndroidManifest.xml:23:5-81
56-->[me.leolin:ShortcutBadger:1.1.22] AndroidManifest.xml:23:22-78
57    <uses-permission android:name="com.htc.launcher.permission.UPDATE_SHORTCUT" /> <!-- for sony -->
57-->[me.leolin:ShortcutBadger:1.1.22] AndroidManifest.xml:24:5-83
57-->[me.leolin:ShortcutBadger:1.1.22] AndroidManifest.xml:24:22-80
58    <uses-permission android:name="com.sonyericsson.home.permission.BROADCAST_BADGE" />
58-->[me.leolin:ShortcutBadger:1.1.22] AndroidManifest.xml:27:5-88
58-->[me.leolin:ShortcutBadger:1.1.22] AndroidManifest.xml:27:22-85
59    <uses-permission android:name="com.sonymobile.home.permission.PROVIDER_INSERT_BADGE" /> <!-- for apex -->
59-->[me.leolin:ShortcutBadger:1.1.22] AndroidManifest.xml:28:5-92
59-->[me.leolin:ShortcutBadger:1.1.22] AndroidManifest.xml:28:22-89
60    <uses-permission android:name="com.anddoes.launcher.permission.UPDATE_COUNT" /> <!-- for solid -->
60-->[me.leolin:ShortcutBadger:1.1.22] AndroidManifest.xml:31:5-84
60-->[me.leolin:ShortcutBadger:1.1.22] AndroidManifest.xml:31:22-81
61    <uses-permission android:name="com.majeur.launcher.permission.UPDATE_BADGE" /> <!-- for huawei -->
61-->[me.leolin:ShortcutBadger:1.1.22] AndroidManifest.xml:34:5-83
61-->[me.leolin:ShortcutBadger:1.1.22] AndroidManifest.xml:34:22-80
62    <uses-permission android:name="com.huawei.android.launcher.permission.CHANGE_BADGE" />
62-->[me.leolin:ShortcutBadger:1.1.22] AndroidManifest.xml:37:5-91
62-->[me.leolin:ShortcutBadger:1.1.22] AndroidManifest.xml:37:22-88
63    <uses-permission android:name="com.huawei.android.launcher.permission.READ_SETTINGS" />
63-->[me.leolin:ShortcutBadger:1.1.22] AndroidManifest.xml:38:5-92
63-->[me.leolin:ShortcutBadger:1.1.22] AndroidManifest.xml:38:22-89
64    <uses-permission android:name="com.huawei.android.launcher.permission.WRITE_SETTINGS" /> <!-- for ZUK -->
64-->[me.leolin:ShortcutBadger:1.1.22] AndroidManifest.xml:39:5-93
64-->[me.leolin:ShortcutBadger:1.1.22] AndroidManifest.xml:39:22-90
65    <uses-permission android:name="android.permission.READ_APP_BADGE" /> <!-- for OPPO -->
65-->[me.leolin:ShortcutBadger:1.1.22] AndroidManifest.xml:42:5-73
65-->[me.leolin:ShortcutBadger:1.1.22] AndroidManifest.xml:42:22-70
66    <uses-permission android:name="com.oppo.launcher.permission.READ_SETTINGS" />
66-->[me.leolin:ShortcutBadger:1.1.22] AndroidManifest.xml:45:5-82
66-->[me.leolin:ShortcutBadger:1.1.22] AndroidManifest.xml:45:22-79
67    <uses-permission android:name="com.oppo.launcher.permission.WRITE_SETTINGS" /> <!-- for EvMe -->
67-->[me.leolin:ShortcutBadger:1.1.22] AndroidManifest.xml:46:5-83
67-->[me.leolin:ShortcutBadger:1.1.22] AndroidManifest.xml:46:22-80
68    <uses-permission android:name="me.everything.badger.permission.BADGE_COUNT_READ" />
68-->[me.leolin:ShortcutBadger:1.1.22] AndroidManifest.xml:49:5-88
68-->[me.leolin:ShortcutBadger:1.1.22] AndroidManifest.xml:49:22-85
69    <uses-permission android:name="me.everything.badger.permission.BADGE_COUNT_WRITE" />
69-->[me.leolin:ShortcutBadger:1.1.22] AndroidManifest.xml:50:5-89
69-->[me.leolin:ShortcutBadger:1.1.22] AndroidManifest.xml:50:22-86
70
71    <application
72        android:name="android.app.Application"
72-->src/main/AndroidManifest.xml:4:9-42
73        android:appComponentFactory="androidx.core.app.CoreComponentFactory"
73-->[androidx.core:core:1.10.1] AndroidManifest.xml:28:18-86
74        android:icon="@mipmap/ic_launcher"
74-->src/main/AndroidManifest.xml:5:9-43
75        android:label="event" >
75-->src/main/AndroidManifest.xml:3:9-30
76        <activity
76-->src/main/AndroidManifest.xml:6:9-26:20
77            android:name="com.example.event.MainActivity"
77-->src/main/AndroidManifest.xml:7:13-41
78            android:configChanges="orientation|keyboardHidden|keyboard|screenSize|smallestScreenSize|locale|layoutDirection|fontScale|screenLayout|density|uiMode"
78-->src/main/AndroidManifest.xml:11:13-163
79            android:exported="true"
79-->src/main/AndroidManifest.xml:8:13-36
80            android:hardwareAccelerated="true"
80-->src/main/AndroidManifest.xml:12:13-47
81            android:launchMode="singleTop"
81-->src/main/AndroidManifest.xml:9:13-43
82            android:theme="@style/LaunchTheme"
82-->src/main/AndroidManifest.xml:10:13-47
83            android:windowSoftInputMode="adjustResize" >
83-->src/main/AndroidManifest.xml:13:13-55
84
85            <!--
86                 Specifies an Android theme to apply to this Activity as soon as
87                 the Android process has started. This theme is visible to the user
88                 while the Flutter UI initializes. After that, this theme continues
89                 to determine the Window background behind the Flutter UI.
90            -->
91            <meta-data
91-->src/main/AndroidManifest.xml:18:13-21:17
92                android:name="io.flutter.embedding.android.NormalTheme"
92-->src/main/AndroidManifest.xml:19:15-70
93                android:resource="@style/NormalTheme" />
93-->src/main/AndroidManifest.xml:20:15-52
94
95            <intent-filter>
95-->src/main/AndroidManifest.xml:22:13-25:29
96                <action android:name="android.intent.action.MAIN" />
96-->src/main/AndroidManifest.xml:23:17-68
96-->src/main/AndroidManifest.xml:23:25-66
97
98                <category android:name="android.intent.category.LAUNCHER" />
98-->src/main/AndroidManifest.xml:24:17-76
98-->src/main/AndroidManifest.xml:24:27-74
99            </intent-filter>
100        </activity>
101        <!--
102             Don't delete the meta-data below.
103             This is used by the Flutter tool to generate GeneratedPluginRegistrant.java
104        -->
105        <meta-data
105-->src/main/AndroidManifest.xml:29:9-31:33
106            android:name="flutterEmbedding"
106-->src/main/AndroidManifest.xml:30:13-44
107            android:value="2" />
107-->src/main/AndroidManifest.xml:31:13-30
108        <meta-data
108-->src/main/AndroidManifest.xml:33:14-35:70
109            android:name="com.google.android.geo.API_KEY"
109-->src/main/AndroidManifest.xml:34:13-58
110            android:value="AIzaSyCrCGPXfswRFDdMzSdEaGBnZiz9LQNFTCA" />
110-->src/main/AndroidManifest.xml:35:13-68
111
112        <service
112-->[:firebase_analytics] AndroidManifest.xml:14:9-18:19
113            android:name="com.google.firebase.components.ComponentDiscoveryService"
113-->[:firebase_analytics] AndroidManifest.xml:14:18-89
114            android:directBootAware="true"
114-->[com.google.firebase:firebase-common:20.4.3] AndroidManifest.xml:32:13-43
115            android:exported="false" >
115-->[com.google.firebase:firebase-messaging:23.4.1] AndroidManifest.xml:56:13-37
116            <meta-data
116-->[:firebase_analytics] AndroidManifest.xml:15:13-17:85
117                android:name="com.google.firebase.components:io.flutter.plugins.firebase.analytics.FlutterFirebaseAppRegistrar"
117-->[:firebase_analytics] AndroidManifest.xml:16:17-128
118                android:value="com.google.firebase.components.ComponentRegistrar" />
118-->[:firebase_analytics] AndroidManifest.xml:17:17-82
119            <meta-data
119-->[:firebase_messaging] AndroidManifest.xml:38:13-40:85
120                android:name="com.google.firebase.components:io.flutter.plugins.firebase.messaging.FlutterFirebaseAppRegistrar"
120-->[:firebase_messaging] AndroidManifest.xml:39:17-128
121                android:value="com.google.firebase.components.ComponentRegistrar" />
121-->[:firebase_messaging] AndroidManifest.xml:40:17-82
122            <meta-data
122-->[:firebase_core] AndroidManifest.xml:11:13-13:85
123                android:name="com.google.firebase.components:io.flutter.plugins.firebase.core.FlutterFirebaseCoreRegistrar"
123-->[:firebase_core] AndroidManifest.xml:12:17-124
124                android:value="com.google.firebase.components.ComponentRegistrar" />
124-->[:firebase_core] AndroidManifest.xml:13:17-82
125            <meta-data
125-->[com.google.firebase:firebase-messaging:23.4.1] AndroidManifest.xml:57:13-59:85
126                android:name="com.google.firebase.components:com.google.firebase.messaging.FirebaseMessagingKtxRegistrar"
126-->[com.google.firebase:firebase-messaging:23.4.1] AndroidManifest.xml:58:17-122
127                android:value="com.google.firebase.components.ComponentRegistrar" />
127-->[com.google.firebase:firebase-messaging:23.4.1] AndroidManifest.xml:59:17-82
128            <meta-data
128-->[com.google.firebase:firebase-messaging:23.4.1] AndroidManifest.xml:60:13-62:85
129                android:name="com.google.firebase.components:com.google.firebase.messaging.FirebaseMessagingRegistrar"
129-->[com.google.firebase:firebase-messaging:23.4.1] AndroidManifest.xml:61:17-119
130                android:value="com.google.firebase.components.ComponentRegistrar" />
130-->[com.google.firebase:firebase-messaging:23.4.1] AndroidManifest.xml:62:17-82
131            <meta-data
131-->[com.google.android.gms:play-services-measurement-api:21.6.1] AndroidManifest.xml:37:13-39:85
132                android:name="com.google.firebase.components:com.google.firebase.analytics.connector.internal.AnalyticsConnectorRegistrar"
132-->[com.google.android.gms:play-services-measurement-api:21.6.1] AndroidManifest.xml:38:17-139
133                android:value="com.google.firebase.components.ComponentRegistrar" />
133-->[com.google.android.gms:play-services-measurement-api:21.6.1] AndroidManifest.xml:39:17-82
134            <meta-data
134-->[com.google.firebase:firebase-installations:17.2.0] AndroidManifest.xml:15:13-17:85
135                android:name="com.google.firebase.components:com.google.firebase.installations.FirebaseInstallationsKtxRegistrar"
135-->[com.google.firebase:firebase-installations:17.2.0] AndroidManifest.xml:16:17-130
136                android:value="com.google.firebase.components.ComponentRegistrar" />
136-->[com.google.firebase:firebase-installations:17.2.0] AndroidManifest.xml:17:17-82
137            <meta-data
137-->[com.google.firebase:firebase-installations:17.2.0] AndroidManifest.xml:18:13-20:85
138                android:name="com.google.firebase.components:com.google.firebase.installations.FirebaseInstallationsRegistrar"
138-->[com.google.firebase:firebase-installations:17.2.0] AndroidManifest.xml:19:17-127
139                android:value="com.google.firebase.components.ComponentRegistrar" />
139-->[com.google.firebase:firebase-installations:17.2.0] AndroidManifest.xml:20:17-82
140            <meta-data
140-->[com.google.firebase:firebase-common-ktx:20.4.3] AndroidManifest.xml:12:13-14:85
141                android:name="com.google.firebase.components:com.google.firebase.ktx.FirebaseCommonLegacyRegistrar"
141-->[com.google.firebase:firebase-common-ktx:20.4.3] AndroidManifest.xml:13:17-116
142                android:value="com.google.firebase.components.ComponentRegistrar" />
142-->[com.google.firebase:firebase-common-ktx:20.4.3] AndroidManifest.xml:14:17-82
143            <meta-data
143-->[com.google.firebase:firebase-common:20.4.3] AndroidManifest.xml:35:13-37:85
144                android:name="com.google.firebase.components:com.google.firebase.FirebaseCommonKtxRegistrar"
144-->[com.google.firebase:firebase-common:20.4.3] AndroidManifest.xml:36:17-109
145                android:value="com.google.firebase.components.ComponentRegistrar" />
145-->[com.google.firebase:firebase-common:20.4.3] AndroidManifest.xml:37:17-82
146            <meta-data
146-->[com.google.firebase:firebase-datatransport:18.1.7] AndroidManifest.xml:27:13-29:85
147                android:name="com.google.firebase.components:com.google.firebase.datatransport.TransportRegistrar"
147-->[com.google.firebase:firebase-datatransport:18.1.7] AndroidManifest.xml:28:17-115
148                android:value="com.google.firebase.components.ComponentRegistrar" />
148-->[com.google.firebase:firebase-datatransport:18.1.7] AndroidManifest.xml:29:17-82
149        </service>
150        <service
150-->[:firebase_messaging] AndroidManifest.xml:16:9-19:72
151            android:name="io.flutter.plugins.firebase.messaging.FlutterFirebaseMessagingBackgroundService"
151-->[:firebase_messaging] AndroidManifest.xml:17:13-107
152            android:exported="false"
152-->[:firebase_messaging] AndroidManifest.xml:18:13-37
153            android:permission="android.permission.BIND_JOB_SERVICE" />
153-->[:firebase_messaging] AndroidManifest.xml:19:13-69
154        <service
154-->[:firebase_messaging] AndroidManifest.xml:20:9-26:19
155            android:name="io.flutter.plugins.firebase.messaging.FlutterFirebaseMessagingService"
155-->[:firebase_messaging] AndroidManifest.xml:21:13-97
156            android:exported="false" >
156-->[:firebase_messaging] AndroidManifest.xml:22:13-37
157            <intent-filter>
157-->[:firebase_messaging] AndroidManifest.xml:23:13-25:29
158                <action android:name="com.google.firebase.MESSAGING_EVENT" />
158-->[:firebase_messaging] AndroidManifest.xml:24:17-78
158-->[:firebase_messaging] AndroidManifest.xml:24:25-75
159            </intent-filter>
160        </service>
161
162        <receiver
162-->[:firebase_messaging] AndroidManifest.xml:28:9-35:20
163            android:name="io.flutter.plugins.firebase.messaging.FlutterFirebaseMessagingReceiver"
163-->[:firebase_messaging] AndroidManifest.xml:29:13-98
164            android:exported="true"
164-->[:firebase_messaging] AndroidManifest.xml:30:13-36
165            android:permission="com.google.android.c2dm.permission.SEND" >
165-->[:firebase_messaging] AndroidManifest.xml:31:13-73
166            <intent-filter>
166-->[:firebase_messaging] AndroidManifest.xml:32:13-34:29
167                <action android:name="com.google.android.c2dm.intent.RECEIVE" />
167-->[:firebase_messaging] AndroidManifest.xml:33:17-81
167-->[:firebase_messaging] AndroidManifest.xml:33:25-78
168            </intent-filter>
169        </receiver>
170
171        <provider
171-->[:firebase_messaging] AndroidManifest.xml:43:9-47:38
172            android:name="io.flutter.plugins.firebase.messaging.FlutterFirebaseMessagingInitProvider"
172-->[:firebase_messaging] AndroidManifest.xml:44:13-102
173            android:authorities="com.example.event.flutterfirebasemessaginginitprovider"
173-->[:firebase_messaging] AndroidManifest.xml:45:13-88
174            android:exported="false"
174-->[:firebase_messaging] AndroidManifest.xml:46:13-37
175            android:initOrder="99" />
175-->[:firebase_messaging] AndroidManifest.xml:47:13-35
176        <provider
176-->[:image_picker_android] AndroidManifest.xml:11:9-19:20
177            android:name="io.flutter.plugins.imagepicker.ImagePickerFileProvider"
177-->[:image_picker_android] AndroidManifest.xml:12:13-82
178            android:authorities="com.example.event.flutter.image_provider"
178-->[:image_picker_android] AndroidManifest.xml:13:13-74
179            android:exported="false"
179-->[:image_picker_android] AndroidManifest.xml:14:13-37
180            android:grantUriPermissions="true" >
180-->[:image_picker_android] AndroidManifest.xml:15:13-47
181            <meta-data
181-->[:image_picker_android] AndroidManifest.xml:16:13-18:75
182                android:name="android.support.FILE_PROVIDER_PATHS"
182-->[:image_picker_android] AndroidManifest.xml:17:17-67
183                android:resource="@xml/flutter_image_picker_file_paths" />
183-->[:image_picker_android] AndroidManifest.xml:18:17-72
184        </provider> <!-- Trigger Google Play services to install the backported photo picker module. -->
185        <service
185-->[:image_picker_android] AndroidManifest.xml:21:9-33:19
186            android:name="com.google.android.gms.metadata.ModuleDependencies"
186-->[:image_picker_android] AndroidManifest.xml:22:13-78
187            android:enabled="false"
187-->[:image_picker_android] AndroidManifest.xml:23:13-36
188            android:exported="false" >
188-->[:image_picker_android] AndroidManifest.xml:24:13-37
189            <intent-filter>
189-->[:image_picker_android] AndroidManifest.xml:26:13-28:29
190                <action android:name="com.google.android.gms.metadata.MODULE_DEPENDENCIES" />
190-->[:image_picker_android] AndroidManifest.xml:27:17-94
190-->[:image_picker_android] AndroidManifest.xml:27:25-91
191            </intent-filter>
192
193            <meta-data
193-->[:image_picker_android] AndroidManifest.xml:30:13-32:36
194                android:name="photopicker_activity:0:required"
194-->[:image_picker_android] AndroidManifest.xml:31:17-63
195                android:value="" />
195-->[:image_picker_android] AndroidManifest.xml:32:17-33
196        </service>
197
198        <activity
198-->[:url_launcher_android] AndroidManifest.xml:10:9-13:74
199            android:name="io.flutter.plugins.urllauncher.WebViewActivity"
199-->[:url_launcher_android] AndroidManifest.xml:11:13-74
200            android:exported="false"
200-->[:url_launcher_android] AndroidManifest.xml:12:13-37
201            android:theme="@android:style/Theme.NoTitleBar.Fullscreen" /> <!-- Needs to be explicitly declared on P+ -->
201-->[:url_launcher_android] AndroidManifest.xml:13:13-71
202        <uses-library
202-->[com.google.android.gms:play-services-maps:18.2.0] AndroidManifest.xml:39:9-41:40
203            android:name="org.apache.http.legacy"
203-->[com.google.android.gms:play-services-maps:18.2.0] AndroidManifest.xml:40:13-50
204            android:required="false" />
204-->[com.google.android.gms:play-services-maps:18.2.0] AndroidManifest.xml:41:13-37
205
206        <receiver
206-->[com.google.firebase:firebase-messaging:23.4.1] AndroidManifest.xml:29:9-40:20
207            android:name="com.google.firebase.iid.FirebaseInstanceIdReceiver"
207-->[com.google.firebase:firebase-messaging:23.4.1] AndroidManifest.xml:30:13-78
208            android:exported="true"
208-->[com.google.firebase:firebase-messaging:23.4.1] AndroidManifest.xml:31:13-36
209            android:permission="com.google.android.c2dm.permission.SEND" >
209-->[com.google.firebase:firebase-messaging:23.4.1] AndroidManifest.xml:32:13-73
210            <intent-filter>
210-->[:firebase_messaging] AndroidManifest.xml:32:13-34:29
211                <action android:name="com.google.android.c2dm.intent.RECEIVE" />
211-->[:firebase_messaging] AndroidManifest.xml:33:17-81
211-->[:firebase_messaging] AndroidManifest.xml:33:25-78
212            </intent-filter>
213
214            <meta-data
214-->[com.google.firebase:firebase-messaging:23.4.1] AndroidManifest.xml:37:13-39:40
215                android:name="com.google.android.gms.cloudmessaging.FINISHED_AFTER_HANDLED"
215-->[com.google.firebase:firebase-messaging:23.4.1] AndroidManifest.xml:38:17-92
216                android:value="true" />
216-->[com.google.firebase:firebase-messaging:23.4.1] AndroidManifest.xml:39:17-37
217        </receiver>
218        <!--
219             FirebaseMessagingService performs security checks at runtime,
220             but set to not exported to explicitly avoid allowing another app to call it.
221        -->
222        <service
222-->[com.google.firebase:firebase-messaging:23.4.1] AndroidManifest.xml:46:9-53:19
223            android:name="com.google.firebase.messaging.FirebaseMessagingService"
223-->[com.google.firebase:firebase-messaging:23.4.1] AndroidManifest.xml:47:13-82
224            android:directBootAware="true"
224-->[com.google.firebase:firebase-messaging:23.4.1] AndroidManifest.xml:48:13-43
225            android:exported="false" >
225-->[com.google.firebase:firebase-messaging:23.4.1] AndroidManifest.xml:49:13-37
226            <intent-filter android:priority="-500" >
226-->[:firebase_messaging] AndroidManifest.xml:23:13-25:29
227                <action android:name="com.google.firebase.MESSAGING_EVENT" />
227-->[:firebase_messaging] AndroidManifest.xml:24:17-78
227-->[:firebase_messaging] AndroidManifest.xml:24:25-75
228            </intent-filter>
229        </service>
230
231        <activity
231-->[com.google.android.gms:play-services-base:18.0.1] AndroidManifest.xml:20:9-22:45
232            android:name="com.google.android.gms.common.api.GoogleApiActivity"
232-->[com.google.android.gms:play-services-base:18.0.1] AndroidManifest.xml:20:19-85
233            android:exported="false"
233-->[com.google.android.gms:play-services-base:18.0.1] AndroidManifest.xml:22:19-43
234            android:theme="@android:style/Theme.Translucent.NoTitleBar" />
234-->[com.google.android.gms:play-services-base:18.0.1] AndroidManifest.xml:21:19-78
235
236        <property
236-->[com.google.android.gms:play-services-measurement-api:21.6.1] AndroidManifest.xml:30:9-32:61
237            android:name="android.adservices.AD_SERVICES_CONFIG"
237-->[com.google.android.gms:play-services-measurement-api:21.6.1] AndroidManifest.xml:31:13-65
238            android:resource="@xml/ga_ad_services_config" />
238-->[com.google.android.gms:play-services-measurement-api:21.6.1] AndroidManifest.xml:32:13-58
239
240        <provider
240-->[com.google.firebase:firebase-common:20.4.3] AndroidManifest.xml:23:9-28:39
241            android:name="com.google.firebase.provider.FirebaseInitProvider"
241-->[com.google.firebase:firebase-common:20.4.3] AndroidManifest.xml:24:13-77
242            android:authorities="com.example.event.firebaseinitprovider"
242-->[com.google.firebase:firebase-common:20.4.3] AndroidManifest.xml:25:13-72
243            android:directBootAware="true"
243-->[com.google.firebase:firebase-common:20.4.3] AndroidManifest.xml:26:13-43
244            android:exported="false"
244-->[com.google.firebase:firebase-common:20.4.3] AndroidManifest.xml:27:13-37
245            android:initOrder="100" />
245-->[com.google.firebase:firebase-common:20.4.3] AndroidManifest.xml:28:13-36
246
247        <receiver
247-->[com.google.android.gms:play-services-measurement:21.6.1] AndroidManifest.xml:29:9-33:20
248            android:name="com.google.android.gms.measurement.AppMeasurementReceiver"
248-->[com.google.android.gms:play-services-measurement:21.6.1] AndroidManifest.xml:30:13-85
249            android:enabled="true"
249-->[com.google.android.gms:play-services-measurement:21.6.1] AndroidManifest.xml:31:13-35
250            android:exported="false" >
250-->[com.google.android.gms:play-services-measurement:21.6.1] AndroidManifest.xml:32:13-37
251        </receiver>
252
253        <service
253-->[com.google.android.gms:play-services-measurement:21.6.1] AndroidManifest.xml:35:9-38:40
254            android:name="com.google.android.gms.measurement.AppMeasurementService"
254-->[com.google.android.gms:play-services-measurement:21.6.1] AndroidManifest.xml:36:13-84
255            android:enabled="true"
255-->[com.google.android.gms:play-services-measurement:21.6.1] AndroidManifest.xml:37:13-35
256            android:exported="false" />
256-->[com.google.android.gms:play-services-measurement:21.6.1] AndroidManifest.xml:38:13-37
257        <service
257-->[com.google.android.gms:play-services-measurement:21.6.1] AndroidManifest.xml:39:9-43:72
258            android:name="com.google.android.gms.measurement.AppMeasurementJobService"
258-->[com.google.android.gms:play-services-measurement:21.6.1] AndroidManifest.xml:40:13-87
259            android:enabled="true"
259-->[com.google.android.gms:play-services-measurement:21.6.1] AndroidManifest.xml:41:13-35
260            android:exported="false"
260-->[com.google.android.gms:play-services-measurement:21.6.1] AndroidManifest.xml:42:13-37
261            android:permission="android.permission.BIND_JOB_SERVICE" />
261-->[com.google.android.gms:play-services-measurement:21.6.1] AndroidManifest.xml:43:13-69
262